Build started 5/8/2016 1:45:52 AM.
     1>Project "C:\Users\Marcus\Desktop\Final 2.0\CS-3113-Final-master\NYUCodebase\NYUCodebase.vcxproj" on node 2 (Build target(s)).
     1>ClCompile:
         C:\Program Files (x86)\Microsoft Visual Studio 12.0\VC\bin\CL.exe /c /IC:\SDL2\include /IC:\SDL2_image\include /IC:\glew\include /IC:\SDL2_mixer\include /ZI /nologo /W3 /WX- /sdl /Od /Oy- /D _WINDOWS /D _MBCS /D _MBCS /Gm /EHsc /RTC1 /MDd /GS /fp:precise /Zc:wchar_t /Zc:forScope /Fo"Debug\\" /Fd"Debug\vc120.pdb" /Gd /TP /analyze- /errorReport:prompt main.cpp
         main.cpp
     1>c:\users\marcus\desktop\final 2.0\cs-3113-final-master\nyucodebase\main.cpp(84): warning C4018: '<' : signed/unsigned mismatch
     1>c:\users\marcus\desktop\final 2.0\cs-3113-final-master\nyucodebase\main.cpp(312): warning C4018: '<' : signed/unsigned mismatch
     1>c:\users\marcus\desktop\final 2.0\cs-3113-final-master\nyucodebase\main.cpp(324): warning C4305: '+=' : truncation from 'double' to 'float'
     1>c:\users\marcus\desktop\final 2.0\cs-3113-final-master\nyucodebase\main.cpp(337): warning C4305: '+=' : truncation from 'double' to 'float'
     1>c:\users\marcus\desktop\final 2.0\cs-3113-final-master\nyucodebase\main.cpp(341): warning C4305: '-=' : truncation from 'double' to 'float'
     1>c:\users\marcus\desktop\final 2.0\cs-3113-final-master\nyucodebase\main.cpp(353): warning C4305: '+=' : truncation from 'double' to 'float'
     1>c:\users\marcus\desktop\final 2.0\cs-3113-final-master\nyucodebase\main.cpp(356): warning C4305: '=' : truncation from 'double' to 'float'
     1>c:\users\marcus\desktop\final 2.0\cs-3113-final-master\nyucodebase\main.cpp(357): warning C4305: '+=' : truncation from 'double' to 'float'
     1>c:\users\marcus\desktop\final 2.0\cs-3113-final-master\nyucodebase\main.cpp(369): warning C4305: '+=' : truncation from 'double' to 'float'
     1>c:\users\marcus\desktop\final 2.0\cs-3113-final-master\nyucodebase\main.cpp(373): warning C4305: '-=' : truncation from 'double' to 'float'
     1>c:\users\marcus\desktop\final 2.0\cs-3113-final-master\nyucodebase\main.cpp(382): warning C4018: '<' : signed/unsigned mismatch
     1>c:\users\marcus\desktop\final 2.0\cs-3113-final-master\nyucodebase\main.cpp(445): warning C4018: '<' : signed/unsigned mismatch
     1>c:\users\marcus\desktop\final 2.0\cs-3113-final-master\nyucodebase\main.cpp(448): warning C4018: '<' : signed/unsigned mismatch
     1>c:\users\marcus\desktop\final 2.0\cs-3113-final-master\nyucodebase\main.cpp(451): warning C4018: '<' : signed/unsigned mismatch
     1>c:\users\marcus\desktop\final 2.0\cs-3113-final-master\nyucodebase\main.cpp(462): warning C4305: 'argument' : truncation from 'double' to 'float'
     1>c:\users\marcus\desktop\final 2.0\cs-3113-final-master\nyucodebase\main.cpp(467): warning C4305: 'argument' : truncation from 'double' to 'float'
     1>c:\users\marcus\desktop\final 2.0\cs-3113-final-master\nyucodebase\main.cpp(473): warning C4305: 'argument' : truncation from 'double' to 'float'
     1>c:\users\marcus\desktop\final 2.0\cs-3113-final-master\nyucodebase\main.cpp(493): warning C4305: 'argument' : truncation from 'double' to 'float'
     1>c:\users\marcus\desktop\final 2.0\cs-3113-final-master\nyucodebase\main.cpp(498): warning C4305: 'argument' : truncation from 'double' to 'float'
     1>c:\users\marcus\desktop\final 2.0\cs-3113-final-master\nyucodebase\main.cpp(504): warning C4305: 'argument' : truncation from 'double' to 'float'
     1>c:\users\marcus\desktop\final 2.0\cs-3113-final-master\nyucodebase\main.cpp(524): warning C4305: 'argument' : truncation from 'double' to 'float'
     1>c:\users\marcus\desktop\final 2.0\cs-3113-final-master\nyucodebase\main.cpp(529): warning C4305: 'argument' : truncation from 'double' to 'float'
     1>c:\users\marcus\desktop\final 2.0\cs-3113-final-master\nyucodebase\main.cpp(535): warning C4305: 'argument' : truncation from 'double' to 'float'
     1>c:\users\marcus\desktop\final 2.0\cs-3113-final-master\nyucodebase\main.cpp(564): warning C4305: 'argument' : truncation from 'double' to 'float'
       Link:
         C:\Program Files (x86)\Microsoft Visual Studio 12.0\VC\bin\link.exe /ERRORREPORT:PROMPT /OUT:"C:\Users\Marcus\Desktop\Final 2.0\CS-3113-Final-master\Debug\NYUCodebase.exe" /INCREMENTAL /NOLOGO /LIBPATH:C:\SDL2_mixer\lib\x86 /LIBPATH:C:\SDL2\lib\x86 /LIBPATH:C:\SDL2_image\lib\x86 /LIBPATH:C:\glew\lib\Release\Win32 SDL2.lib SDL2_mixer.lib glew32.lib SDL2main.lib SDL2_image.lib OpenGL32.lib /MANIFEST /MANIFESTUAC:"level='asInvoker' uiAccess='false'" /manifest:embed /DEBUG /PDB:"C:\Users\Marcus\Desktop\Final 2.0\CS-3113-Final-master\Debug\NYUCodebase.pdb" /SUBSYSTEM:WINDOWS /TLBID:1 /DYNAMICBASE /NXCOMPAT /IMPLIB:"C:\Users\Marcus\Desktop\Final 2.0\CS-3113-Final-master\Debug\NYUCodebase.lib" /MACHINE:X86 Debug\Bullet.obj
         Debug\Entity.obj
         Debug\main.obj
         Debug\Matrix.obj
         Debug\Particle.obj
         Debug\ParticleEmitter.obj
         Debug\ShaderProgram.obj
         Debug\SheetSprite.obj
         NYUCodebase.vcxproj -> C:\Users\Marcus\Desktop\Final 2.0\CS-3113-Final-master\Debug\NYUCodebase.exe
     1>Done Building Project "C:\Users\Marcus\Desktop\Final 2.0\CS-3113-Final-master\NYUCodebase\NYUCodebase.vcxproj" (Build target(s)).

Build succeeded.

Time Elapsed 00:00:01.58
