c:\users\noman\downloads\cs-3113-final-marcus-edits\cs-3113-final-marcus-edits\final (unfinished)\nyucodebase\debug\vc120.pdb
c:\users\noman\downloads\cs-3113-final-marcus-edits\cs-3113-final-marcus-edits\final (unfinished)\nyucodebase\debug\vc120.idb
c:\users\noman\downloads\cs-3113-final-marcus-edits\cs-3113-final-marcus-edits\final (unfinished)\nyucodebase\debug\bullet.obj
c:\users\noman\downloads\cs-3113-final-marcus-edits\cs-3113-final-marcus-edits\final (unfinished)\nyucodebase\debug\entity.obj
c:\users\noman\downloads\cs-3113-final-marcus-edits\cs-3113-final-marcus-edits\final (unfinished)\nyucodebase\debug\main.obj
c:\users\noman\downloads\cs-3113-final-marcus-edits\cs-3113-final-marcus-edits\final (unfinished)\nyucodebase\debug\matrix.obj
c:\users\noman\downloads\cs-3113-final-marcus-edits\cs-3113-final-marcus-edits\final (unfinished)\nyucodebase\debug\particle.obj
c:\users\noman\downloads\cs-3113-final-marcus-edits\cs-3113-final-marcus-edits\final (unfinished)\nyucodebase\debug\particleemitter.obj
c:\users\noman\downloads\cs-3113-final-marcus-edits\cs-3113-final-marcus-edits\final (unfinished)\nyucodebase\debug\shaderprogram.obj
c:\users\noman\downloads\cs-3113-final-marcus-edits\cs-3113-final-marcus-edits\final (unfinished)\nyucodebase\debug\sheetsprite.obj
c:\users\noman\downloads\cs-3113-final-marcus-edits\cs-3113-final-marcus-edits\final (unfinished)\debug\nyucodebase.pdb
c:\users\noman\downloads\cs-3113-final-marcus-edits\cs-3113-final-marcus-edits\final (unfinished)\nyucodebase\debug\nyucodebase.tlog\cl.command.1.tlog
c:\users\noman\downloads\cs-3113-final-marcus-edits\cs-3113-final-marcus-edits\final (unfinished)\nyucodebase\debug\nyucodebase.tlog\cl.read.1.tlog
c:\users\noman\downloads\cs-3113-final-marcus-edits\cs-3113-final-marcus-edits\final (unfinished)\nyucodebase\debug\nyucodebase.tlog\cl.write.1.tlog
c:\users\noman\downloads\cs-3113-final-marcus-edits\cs-3113-final-marcus-edits\final (unfinished)\nyucodebase\debug\nyucodebase.tlog\link-cvtres.read.1.tlog
c:\users\noman\downloads\cs-3113-final-marcus-edits\cs-3113-final-marcus-edits\final (unfinished)\nyucodebase\debug\nyucodebase.tlog\link-cvtres.write.1.tlog
c:\users\noman\downloads\cs-3113-final-marcus-edits\cs-3113-final-marcus-edits\final (unfinished)\nyucodebase\debug\nyucodebase.tlog\link-rc.read.1.tlog
c:\users\noman\downloads\cs-3113-final-marcus-edits\cs-3113-final-marcus-edits\final (unfinished)\nyucodebase\debug\nyucodebase.tlog\link-rc.write.1.tlog
c:\users\noman\downloads\cs-3113-final-marcus-edits\cs-3113-final-marcus-edits\final (unfinished)\nyucodebase\debug\nyucodebase.tlog\link.2196-cvtres.read.1.tlog
c:\users\noman\downloads\cs-3113-final-marcus-edits\cs-3113-final-marcus-edits\final (unfinished)\nyucodebase\debug\nyucodebase.tlog\link.2196-cvtres.write.1.tlog
c:\users\noman\downloads\cs-3113-final-marcus-edits\cs-3113-final-marcus-edits\final (unfinished)\nyucodebase\debug\nyucodebase.tlog\link.2196-rc.read.1.tlog
c:\users\noman\downloads\cs-3113-final-marcus-edits\cs-3113-final-marcus-edits\final (unfinished)\nyucodebase\debug\nyucodebase.tlog\link.2196-rc.write.1.tlog
c:\users\noman\downloads\cs-3113-final-marcus-edits\cs-3113-final-marcus-edits\final (unfinished)\nyucodebase\debug\nyucodebase.tlog\link.2196.read.1.tlog
c:\users\noman\downloads\cs-3113-final-marcus-edits\cs-3113-final-marcus-edits\final (unfinished)\nyucodebase\debug\nyucodebase.tlog\link.2196.write.1.tlog
c:\users\noman\downloads\cs-3113-final-marcus-edits\cs-3113-final-marcus-edits\final (unfinished)\nyucodebase\debug\nyucodebase.tlog\link.command.1.tlog
c:\users\noman\downloads\cs-3113-final-marcus-edits\cs-3113-final-marcus-edits\final (unfinished)\nyucodebase\debug\nyucodebase.tlog\link.read.1.tlog
c:\users\noman\downloads\cs-3113-final-marcus-edits\cs-3113-final-marcus-edits\final (unfinished)\nyucodebase\debug\nyucodebase.tlog\link.write.1.tlog
