Build started 4/18/2016 2:41:36 PM.
     1>Project "C:\Users\noman\Downloads\CS3113-Assignment-5-master\CS3113-Assignment-5-master\NYUCodebase.vcxproj" on node 2 (Build target(s)).
     1>ClCompile:
         C:\Program Files (x86)\Microsoft Visual Studio 12.0\VC\bin\CL.exe /c /IC:\SDL2\include /IC:\SDL2_image\include /IC:\glew\include /IC:\SDL2_mixer\include /ZI /nologo /W3 /WX- /sdl /Od /Oy- /D _WINDOWS /D _MBCS /D _MBCS /Gm /EHsc /RTC1 /MDd /GS /fp:precise /Zc:wchar_t /Zc:forScope /Fo"Debug\\" /Fd"Debug\vc120.pdb" /Gd /TP /analyze- /errorReport:prompt Bullet.cpp Entity.cpp main.cpp
         main.cpp
     1>c:\users\noman\downloads\cs3113-assignment-5-master\cs3113-assignment-5-master\sheetsprite.h(10): error C2011: 'SheetSprite' : 'class' type redefinition
                 c:\users\noman\downloads\cs3113-assignment-5-master\cs3113-assignment-5-master\sheetsprite.h(10) : see declaration of 'SheetSprite'
     1>c:\users\noman\downloads\cs3113-assignment-5-master\cs3113-assignment-5-master\bullet.h(10): error C2079: 'Bullet::sprite' uses undefined class 'SheetSprite'
     1>c:\users\noman\downloads\cs3113-assignment-5-master\cs3113-assignment-5-master\bullet.h(8): error C2440: 'initializing' : cannot convert from 'SheetSprite' to 'int'
                 Source or target has incomplete type
     1>c:\users\noman\downloads\cs3113-assignment-5-master\cs3113-assignment-5-master\bullet.h(8): error C2439: 'Bullet::sprite' : member could not be initialized
                 c:\users\noman\downloads\cs3113-assignment-5-master\cs3113-assignment-5-master\bullet.h(10) : see declaration of 'Bullet::sprite'
     1>c:\users\noman\downloads\cs3113-assignment-5-master\cs3113-assignment-5-master\entity.h(17): error C2079: 'Entity::sprite' uses undefined class 'SheetSprite'
     1>c:\users\noman\downloads\cs3113-assignment-5-master\cs3113-assignment-5-master\entity.h(10): error C2440: 'initializing' : cannot convert from 'SheetSprite' to 'int'
                 Source or target has incomplete type
     1>c:\users\noman\downloads\cs3113-assignment-5-master\cs3113-assignment-5-master\entity.h(10): error C2439: 'Entity::sprite' : member could not be initialized
                 c:\users\noman\downloads\cs3113-assignment-5-master\cs3113-assignment-5-master\entity.h(17) : see declaration of 'Entity::sprite'
     1>c:\users\noman\downloads\cs3113-assignment-5-master\cs3113-assignment-5-master\bullet.h(5): error C2011: 'Bullet' : 'class' type redefinition
                 c:\users\noman\downloads\cs3113-assignment-5-master\cs3113-assignment-5-master\bullet.h(5) : see declaration of 'Bullet'
     1>c:\users\noman\downloads\cs3113-assignment-5-master\cs3113-assignment-5-master\main.cpp(223): error C2079: 'playerSprite' uses undefined class 'SheetSprite'
     1>c:\users\noman\downloads\cs3113-assignment-5-master\cs3113-assignment-5-master\main.cpp(223): error C2078: too many initializers
     1>c:\users\noman\downloads\cs3113-assignment-5-master\cs3113-assignment-5-master\main.cpp(223): warning C4244: 'initializing' : conversion from 'double' to 'int', possible loss of data
     1>c:\users\noman\downloads\cs3113-assignment-5-master\cs3113-assignment-5-master\main.cpp(224): error C2079: 'player2Sprite' uses undefined class 'SheetSprite'
     1>c:\users\noman\downloads\cs3113-assignment-5-master\cs3113-assignment-5-master\main.cpp(224): error C2078: too many initializers
     1>c:\users\noman\downloads\cs3113-assignment-5-master\cs3113-assignment-5-master\main.cpp(224): warning C4244: 'initializing' : conversion from 'double' to 'int', possible loss of data
     1>c:\users\noman\downloads\cs3113-assignment-5-master\cs3113-assignment-5-master\main.cpp(225): error C2079: 'bulletSprite' uses undefined class 'SheetSprite'
     1>c:\users\noman\downloads\cs3113-assignment-5-master\cs3113-assignment-5-master\main.cpp(225): error C2078: too many initializers
     1>c:\users\noman\downloads\cs3113-assignment-5-master\cs3113-assignment-5-master\main.cpp(225): warning C4244: 'initializing' : conversion from 'double' to 'int', possible loss of data
     1>c:\users\noman\downloads\cs3113-assignment-5-master\cs3113-assignment-5-master\main.cpp(226): error C2079: 'bullet' uses undefined class 'Bullet'
     1>c:\users\noman\downloads\cs3113-assignment-5-master\cs3113-assignment-5-master\main.cpp(226): error C2078: too many initializers
     1>c:\users\noman\downloads\cs3113-assignment-5-master\cs3113-assignment-5-master\main.cpp(227): error C2664: 'Entity::Entity(const Entity &)' : cannot convert argument 1 from 'int' to 'SheetSprite'
                 Source or target has incomplete type
         Entity.cpp
     1>c:\users\noman\downloads\cs3113-assignment-5-master\cs3113-assignment-5-master\sheetsprite.h(10): error C2011: 'SheetSprite' : 'class' type redefinition
                 c:\users\noman\downloads\cs3113-assignment-5-master\cs3113-assignment-5-master\sheetsprite.h(10) : see declaration of 'SheetSprite'
     1>c:\users\noman\downloads\cs3113-assignment-5-master\cs3113-assignment-5-master\bullet.h(10): error C2079: 'Bullet::sprite' uses undefined class 'SheetSprite'
     1>c:\users\noman\downloads\cs3113-assignment-5-master\cs3113-assignment-5-master\bullet.h(8): error C2440: 'initializing' : cannot convert from 'SheetSprite' to 'int'
                 Source or target has incomplete type
     1>c:\users\noman\downloads\cs3113-assignment-5-master\cs3113-assignment-5-master\bullet.h(8): error C2439: 'Bullet::sprite' : member could not be initialized
                 c:\users\noman\downloads\cs3113-assignment-5-master\cs3113-assignment-5-master\bullet.h(10) : see declaration of 'Bullet::sprite'
     1>c:\users\noman\downloads\cs3113-assignment-5-master\cs3113-assignment-5-master\entity.h(17): error C2079: 'Entity::sprite' uses undefined class 'SheetSprite'
     1>c:\users\noman\downloads\cs3113-assignment-5-master\cs3113-assignment-5-master\entity.h(10): error C2440: 'initializing' : cannot convert from 'SheetSprite' to 'int'
                 Source or target has incomplete type
     1>c:\users\noman\downloads\cs3113-assignment-5-master\cs3113-assignment-5-master\entity.h(10): error C2439: 'Entity::sprite' : member could not be initialized
                 c:\users\noman\downloads\cs3113-assignment-5-master\cs3113-assignment-5-master\entity.h(17) : see declaration of 'Entity::sprite'
     1>c:\users\noman\downloads\cs3113-assignment-5-master\cs3113-assignment-5-master\entity.cpp(4): warning C4244: 'return' : conversion from 'double' to 'float', possible loss of data
     1>c:\users\noman\downloads\cs3113-assignment-5-master\cs3113-assignment-5-master\entity.cpp(30): error C2228: left of '.Draw' must have class/struct/union
                 type is 'int'
         Generating Code...
         Compiling...
         Bullet.cpp
         Generating Code...
     1>Done Building Project "C:\Users\noman\Downloads\CS3113-Assignment-5-master\CS3113-Assignment-5-master\NYUCodebase.vcxproj" (Build target(s)) -- FAILED.

Build FAILED.

Time Elapsed 00:00:07.98
