Build started 5/11/2016 1:23:50 AM.
     1>Project "C:\Users\Marcus\Desktop\Final 3.0 - Copy - Copy\CS-3113-Final-master\NYUCodebase\NYUCodebase.vcxproj" on node 2 (Build target(s)).
     1>ClCompile:
         C:\Program Files (x86)\Microsoft Visual Studio 12.0\VC\bin\CL.exe /c /IC:\SDL2\include /IC:\SDL2_image\include /IC:\glew\include /IC:\SDL2_mixer\include /ZI /nologo /W3 /WX- /sdl /Od /Oy- /D _WINDOWS /D _MBCS /D _MBCS /Gm /EHsc /RTC1 /MDd /GS /fp:precise /Zc:wchar_t /Zc:forScope /Fo"Debug\\" /Fd"Debug\vc120.pdb" /Gd /TP /analyze- /errorReport:prompt main.cpp
         main.cpp
     1>c:\users\marcus\desktop\final 3.0 - copy - copy\cs-3113-final-master\nyucodebase\main.cpp(95): warning C4018: '<' : signed/unsigned mismatch
     1>c:\users\marcus\desktop\final 3.0 - copy - copy\cs-3113-final-master\nyucodebase\main.cpp(274): warning C4018: '<' : signed/unsigned mismatch
     1>c:\users\marcus\desktop\final 3.0 - copy - copy\cs-3113-final-master\nyucodebase\main.cpp(287): warning C4305: 'argument' : truncation from 'double' to 'float'
     1>c:\users\marcus\desktop\final 3.0 - copy - copy\cs-3113-final-master\nyucodebase\main.cpp(287): warning C4244: 'argument' : conversion from 'double' to 'float', possible loss of data
     1>c:\users\marcus\desktop\final 3.0 - copy - copy\cs-3113-final-master\nyucodebase\main.cpp(294): warning C4305: 'argument' : truncation from 'double' to 'float'
     1>c:\users\marcus\desktop\final 3.0 - copy - copy\cs-3113-final-master\nyucodebase\main.cpp(294): warning C4244: 'argument' : conversion from 'double' to 'float', possible loss of data
     1>c:\users\marcus\desktop\final 3.0 - copy - copy\cs-3113-final-master\nyucodebase\main.cpp(338): warning C4018: '<' : signed/unsigned mismatch
     1>c:\users\marcus\desktop\final 3.0 - copy - copy\cs-3113-final-master\nyucodebase\main.cpp(353): warning C4305: '+=' : truncation from 'double' to 'float'
     1>c:\users\marcus\desktop\final 3.0 - copy - copy\cs-3113-final-master\nyucodebase\main.cpp(369): warning C4305: '-=' : truncation from 'double' to 'float'
     1>c:\users\marcus\desktop\final 3.0 - copy - copy\cs-3113-final-master\nyucodebase\main.cpp(384): warning C4305: '=' : truncation from 'double' to 'float'
     1>c:\users\marcus\desktop\final 3.0 - copy - copy\cs-3113-final-master\nyucodebase\main.cpp(385): warning C4305: '+=' : truncation from 'double' to 'float'
     1>c:\users\marcus\desktop\final 3.0 - copy - copy\cs-3113-final-master\nyucodebase\main.cpp(401): warning C4305: '-=' : truncation from 'double' to 'float'
     1>c:\users\marcus\desktop\final 3.0 - copy - copy\cs-3113-final-master\nyucodebase\main.cpp(407): warning C4018: '<' : signed/unsigned mismatch
     1>c:\users\marcus\desktop\final 3.0 - copy - copy\cs-3113-final-master\nyucodebase\main.cpp(408): warning C4018: '<' : signed/unsigned mismatch
     1>c:\users\marcus\desktop\final 3.0 - copy - copy\cs-3113-final-master\nyucodebase\main.cpp(429): warning C4018: '<' : signed/unsigned mismatch
     1>c:\users\marcus\desktop\final 3.0 - copy - copy\cs-3113-final-master\nyucodebase\main.cpp(445): warning C4018: '<' : signed/unsigned mismatch
     1>c:\users\marcus\desktop\final 3.0 - copy - copy\cs-3113-final-master\nyucodebase\main.cpp(448): warning C4018: '<' : signed/unsigned mismatch
     1>c:\users\marcus\desktop\final 3.0 - copy - copy\cs-3113-final-master\nyucodebase\main.cpp(476): warning C4018: '<' : signed/unsigned mismatch
     1>c:\users\marcus\desktop\final 3.0 - copy - copy\cs-3113-final-master\nyucodebase\main.cpp(479): warning C4018: '<' : signed/unsigned mismatch
     1>c:\users\marcus\desktop\final 3.0 - copy - copy\cs-3113-final-master\nyucodebase\main.cpp(482): warning C4018: '<' : signed/unsigned mismatch
     1>c:\users\marcus\desktop\final 3.0 - copy - copy\cs-3113-final-master\nyucodebase\main.cpp(486): warning C4018: '<' : signed/unsigned mismatch
     1>c:\users\marcus\desktop\final 3.0 - copy - copy\cs-3113-final-master\nyucodebase\main.cpp(525): warning C4305: 'argument' : truncation from 'double' to 'float'
     1>c:\users\marcus\desktop\final 3.0 - copy - copy\cs-3113-final-master\nyucodebase\main.cpp(582): warning C4305: 'argument' : truncation from 'double' to 'float'
     1>c:\users\marcus\desktop\final 3.0 - copy - copy\cs-3113-final-master\nyucodebase\main.cpp(681): warning C4305: 'argument' : truncation from 'double' to 'float'
     1>c:\users\marcus\desktop\final 3.0 - copy - copy\cs-3113-final-master\nyucodebase\main.cpp(688): warning C4305: 'argument' : truncation from 'double' to 'float'
     1>c:\users\marcus\desktop\final 3.0 - copy - copy\cs-3113-final-master\nyucodebase\main.cpp(692): warning C4305: 'argument' : truncation from 'double' to 'float'
     1>c:\users\marcus\desktop\final 3.0 - copy - copy\cs-3113-final-master\nyucodebase\main.cpp(721): warning C4305: 'argument' : truncation from 'double' to 'float'
     1>c:\users\marcus\desktop\final 3.0 - copy - copy\cs-3113-final-master\nyucodebase\main.cpp(728): warning C4305: 'argument' : truncation from 'double' to 'float'
     1>c:\users\marcus\desktop\final 3.0 - copy - copy\cs-3113-final-master\nyucodebase\main.cpp(732): warning C4305: 'argument' : truncation from 'double' to 'float'
     1>c:\users\marcus\desktop\final 3.0 - copy - copy\cs-3113-final-master\nyucodebase\main.cpp(760): warning C4305: 'argument' : truncation from 'double' to 'float'
     1>c:\users\marcus\desktop\final 3.0 - copy - copy\cs-3113-final-master\nyucodebase\main.cpp(767): warning C4305: 'argument' : truncation from 'double' to 'float'
     1>c:\users\marcus\desktop\final 3.0 - copy - copy\cs-3113-final-master\nyucodebase\main.cpp(771): warning C4305: 'argument' : truncation from 'double' to 'float'
       Link:
         C:\Program Files (x86)\Microsoft Visual Studio 12.0\VC\bin\link.exe /ERRORREPORT:PROMPT /OUT:"C:\Users\Marcus\Desktop\Final 3.0 - Copy - Copy\CS-3113-Final-master\Debug\NYUCodebase.exe" /INCREMENTAL /NOLOGO /LIBPATH:C:\SDL2_mixer\lib\x86 /LIBPATH:C:\SDL2\lib\x86 /LIBPATH:C:\SDL2_image\lib\x86 /LIBPATH:C:\glew\lib\Release\Win32 SDL2.lib SDL2_mixer.lib glew32.lib SDL2main.lib SDL2_image.lib OpenGL32.lib /MANIFEST /MANIFESTUAC:"level='asInvoker' uiAccess='false'" /manifest:embed /DEBUG /PDB:"C:\Users\Marcus\Desktop\Final 3.0 - Copy - Copy\CS-3113-Final-master\Debug\NYUCodebase.pdb" /SUBSYSTEM:WINDOWS /TLBID:1 /DYNAMICBASE /NXCOMPAT /IMPLIB:"C:\Users\Marcus\Desktop\Final 3.0 - Copy - Copy\CS-3113-Final-master\Debug\NYUCodebase.lib" /MACHINE:X86 Debug\Color.obj
         Debug\Entity.obj
         Debug\main.obj
         Debug\Matrix.obj
         Debug\ParticleEmitter.obj
         Debug\ShaderProgram.obj
         Debug\SheetSprite.obj
         Debug\Vector.obj
         NYUCodebase.vcxproj -> C:\Users\Marcus\Desktop\Final 3.0 - Copy - Copy\CS-3113-Final-master\Debug\NYUCodebase.exe
     1>Done Building Project "C:\Users\Marcus\Desktop\Final 3.0 - Copy - Copy\CS-3113-Final-master\NYUCodebase\NYUCodebase.vcxproj" (Build target(s)).

Build succeeded.

Time Elapsed 00:00:03.86
