c:\users\noman\documents\cs-3113-final\nyucodebase\debug\vc120.pdb
c:\users\noman\documents\cs-3113-final\nyucodebase\debug\vc120.idb
c:\users\noman\documents\cs-3113-final\nyucodebase\debug\bullet.nativecodeanalysis.xml
c:\users\noman\documents\cs-3113-final\nyucodebase\debug\entity.nativecodeanalysis.xml
c:\users\noman\documents\cs-3113-final\nyucodebase\debug\main.nativecodeanalysis.xml
c:\users\noman\documents\cs-3113-final\nyucodebase\debug\matrix.nativecodeanalysis.xml
c:\users\noman\documents\cs-3113-final\nyucodebase\debug\particleemitter.nativecodeanalysis.xml
c:\users\noman\documents\cs-3113-final\nyucodebase\debug\shaderprogram.nativecodeanalysis.xml
c:\users\noman\documents\cs-3113-final\nyucodebase\debug\sheetsprite.nativecodeanalysis.xml
c:\users\noman\documents\cs-3113-final\nyucodebase\debug\sheetsprite.obj
c:\users\noman\documents\cs-3113-final\nyucodebase\debug\shaderprogram.obj
c:\users\noman\documents\cs-3113-final\nyucodebase\debug\particleemitter.obj
c:\users\noman\documents\cs-3113-final\nyucodebase\debug\matrix.obj
c:\users\noman\documents\cs-3113-final\nyucodebase\debug\main.obj
c:\users\noman\documents\cs-3113-final\nyucodebase\debug\entity.obj
c:\users\noman\documents\cs-3113-final\nyucodebase\debug\bullet.obj
c:\users\noman\documents\cs-3113-final\debug\nyucodebase.pdb
c:\users\noman\documents\cs-3113-final\nyucodebase\debug\nyucodebase.tlog\cl.command.1.tlog
c:\users\noman\documents\cs-3113-final\nyucodebase\debug\nyucodebase.tlog\cl.read.1.tlog
c:\users\noman\documents\cs-3113-final\nyucodebase\debug\nyucodebase.tlog\cl.write.1.tlog
c:\users\noman\documents\cs-3113-final\nyucodebase\debug\nyucodebase.tlog\link-cvtres.read.1.tlog
c:\users\noman\documents\cs-3113-final\nyucodebase\debug\nyucodebase.tlog\link-cvtres.write.1.tlog
c:\users\noman\documents\cs-3113-final\nyucodebase\debug\nyucodebase.tlog\link-rc.read.1.tlog
c:\users\noman\documents\cs-3113-final\nyucodebase\debug\nyucodebase.tlog\link-rc.write.1.tlog
c:\users\noman\documents\cs-3113-final\nyucodebase\debug\nyucodebase.tlog\link.command.1.tlog
c:\users\noman\documents\cs-3113-final\nyucodebase\debug\nyucodebase.tlog\link.read.1.tlog
c:\users\noman\documents\cs-3113-final\nyucodebase\debug\nyucodebase.tlog\link.write.1.tlog
